# JRE version: Java(TM) SE Runtime Environment (8.0_191-b12) (build 1.8.0_191-b12)
# Java VM: Java HotSpot(TM) 64-Bit Server VM (25.191-b12 mixed mode windows-amd64 compressed oops)
Heap:
 PSYoungGen      total 296960K, used 149796K [0x00000000d5d00000, 0x00000000e9700000, 0x0000000100000000)
  eden space 286208K, 48% used [0x00000000d5d00000,0x00000000de5155b0,0x00000000e7480000)
  from space 10752K, 97% used [0x00000000e8c80000,0x00000000e96b3d90,0x00000000e9700000)
  to   space 17408K, 0% used [0x00000000e7500000,0x00000000e7500000,0x00000000e8600000)
 ParOldGen       total 115200K, used 29433K [0x0000000081600000, 0x0000000088680000, 0x00000000d5d00000)
  object space 115200K, 25% used [0x0000000081600000,0x00000000832be578,0x0000000088680000)
 Metaspace       used 66636K, capacity 70570K, committed 70656K, reserved 1110016K
  class space    used 9531K, capacity 10189K, committed 10240K, reserved 1048576K
GC Heap History (10 events):
Event: 14.646 GC heap before
{Heap before GC invocations=11 (full 2):
 PSYoungGen      total 184320K, used 8624K [0x00000000d5d00000, 0x00000000e5e00000, 0x0000000100000000)
  eden space 169984K, 0% used [0x00000000d5d00000,0x00000000d5d00000,0x00000000e0300000)
  from space 14336K, 60% used [0x00000000e0300000,0x00000000e0b6c100,0x00000000e1100000)
  to   space 13824K, 0% used [0x00000000e5080000,0x00000000e5080000,0x00000000e5e00000)
 ParOldGen       total 55296K, used 13112K [0x0000000081600000, 0x0000000084c00000, 0x00000000d5d00000)
  object space 55296K, 23% used [0x0000000081600000,0x00000000822ce2a0,0x0000000084c00000)
 Metaspace       used 33329K, capacity 35324K, committed 35416K, reserved 1079296K
  class space    used 4666K, capacity 5071K, committed 5120K, reserved 1048576K
Event: 14.790 GC heap after
Heap after GC invocations=11 (full 2):
 PSYoungGen      total 184320K, used 0K [0x00000000d5d00000, 0x00000000e5e00000, 0x0000000100000000)
  eden space 169984K, 0% used [0x00000000d5d00000,0x00000000d5d00000,0x00000000e0300000)
  from space 14336K, 0% used [0x00000000e0300000,0x00000000e0300000,0x00000000e1100000)
  to   space 13824K, 0% used [0x00000000e5080000,0x00000000e5080000,0x00000000e5e00000)
 ParOldGen       total 80384K, used 15558K [0x0000000081600000, 0x0000000086480000, 0x00000000d5d00000)
  object space 80384K, 19% used [0x0000000081600000,0x00000000825319d0,0x0000000086480000)
 Metaspace       used 33329K, capacity 35324K, committed 35416K, reserved 1079296K
  class space    used 4666K, capacity 5071K, committed 5120K, reserved 1048576K
}
Event: 18.412 GC heap before
{Heap before GC invocations=12 (full 2):
 PSYoungGen      total 184320K, used 169984K [0x00000000d5d00000, 0x00000000e5e00000, 0x0000000100000000)
  eden space 169984K, 100% used [0x00000000d5d00000,0x00000000e0300000,0x00000000e0300000)
  from space 14336K, 0% used [0x00000000e0300000,0x00000000e0300000,0x00000000e1100000)
  to   space 13824K, 0% used [0x00000000e5080000,0x00000000e5080000,0x00000000e5e00000)
 ParOldGen       total 80384K, used 15558K [0x0000000081600000, 0x0000000086480000, 0x00000000d5d00000)
  object space 80384K, 19% used [0x0000000081600000,0x00000000825319d0,0x0000000086480000)
 Metaspace       used 48468K, capacity 50820K, committed 51200K, reserved 1093632K
  class space    used 6949K, capacity 7403K, committed 7424K, reserved 1048576K
Event: 18.433 GC heap after
Heap after GC invocations=12 (full 2):
 PSYoungGen      total 240128K, used 13800K [0x00000000d5d00000, 0x00000000e5e00000, 0x0000000100000000)
  eden space 226304K, 0% used [0x00000000d5d00000,0x00000000d5d00000,0x00000000e3a00000)
  from space 13824K, 99% used [0x00000000e5080000,0x00000000e5dfa2f8,0x00000000e5e00000)
  to   space 17408K, 0% used [0x00000000e3c00000,0x00000000e3c00000,0x00000000e4d00000)
 ParOldGen       total 80384K, used 20297K [0x0000000081600000, 0x0000000086480000, 0x00000000d5d00000)
  object space 80384K, 25% used [0x0000000081600000,0x00000000829d27d0,0x0000000086480000)
 Metaspace       used 48468K, capacity 50820K, committed 51200K, reserved 1093632K
  class space    used 6949K, capacity 7403K, committed 7424K, reserved 1048576K
}
Event: 22.378 GC heap before
{Heap before GC invocations=13 (full 2):
 PSYoungGen      total 240128K, used 135381K [0x00000000d5d00000, 0x00000000e5e00000, 0x0000000100000000)
  eden space 226304K, 53% used [0x00000000d5d00000,0x00000000dd3bb378,0x00000000e3a00000)
  from space 13824K, 99% used [0x00000000e5080000,0x00000000e5dfa2f8,0x00000000e5e00000)
  to   space 17408K, 0% used [0x00000000e3c00000,0x00000000e3c00000,0x00000000e4d00000)
 ParOldGen       total 80384K, used 20297K [0x0000000081600000, 0x0000000086480000, 0x00000000d5d00000)
  object space 80384K, 25% used [0x0000000081600000,0x00000000829d27d0,0x0000000086480000)
 Metaspace       used 55528K, capacity 58848K, committed 59028K, reserved 1099776K
  class space    used 8013K, capacity 8594K, committed 8704K, reserved 1048576K
Event: 22.401 GC heap after
Heap after GC invocations=13 (full 2):
 PSYoungGen      total 245760K, used 11254K [0x00000000d5d00000, 0x00000000e9d80000, 0x0000000100000000)
  eden space 228352K, 0% used [0x00000000d5d00000,0x00000000d5d00000,0x00000000e3c00000)
  from space 17408K, 64% used [0x00000000e3c00000,0x00000000e46fda20,0x00000000e4d00000)
  to   space 17408K, 0% used [0x00000000e8c80000,0x00000000e8c80000,0x00000000e9d80000)
 ParOldGen       total 80384K, used 26520K [0x0000000081600000, 0x0000000086480000, 0x00000000d5d00000)
  object space 80384K, 32% used [0x0000000081600000,0x0000000082fe6170,0x0000000086480000)
 Metaspace       used 55528K, capacity 58848K, committed 59028K, reserved 1099776K
  class space    used 8013K, capacity 8594K, committed 8704K, reserved 1048576K
}
Event: 22.401 GC heap before
{Heap before GC invocations=14 (full 3):
 PSYoungGen      total 245760K, used 11254K [0x00000000d5d00000, 0x00000000e9d80000, 0x0000000100000000)
  eden space 228352K, 0% used [0x00000000d5d00000,0x00000000d5d00000,0x00000000e3c00000)
  from space 17408K, 64% used [0x00000000e3c00000,0x00000000e46fda20,0x00000000e4d00000)
  to   space 17408K, 0% used [0x00000000e8c80000,0x00000000e8c80000,0x00000000e9d80000)
 ParOldGen       total 80384K, used 26520K [0x0000000081600000, 0x0000000086480000, 0x00000000d5d00000)
  object space 80384K, 32% used [0x0000000081600000,0x0000000082fe6170,0x0000000086480000)
 Metaspace       used 55528K, capacity 58848K, committed 59028K, reserved 1099776K
  class space    used 8013K, capacity 8594K, committed 8704K, reserved 1048576K
Event: 22.619 GC heap after
Heap after GC invocations=14 (full 3):
 PSYoungGen      total 245760K, used 0K [0x00000000d5d00000, 0x00000000e9d80000, 0x0000000100000000)
  eden space 228352K, 0% used [0x00000000d5d00000,0x00000000d5d00000,0x00000000e3c00000)
  from space 17408K, 0% used [0x00000000e3c00000,0x00000000e3c00000,0x00000000e4d00000)
  to   space 17408K, 0% used [0x00000000e8c80000,0x00000000e8c80000,0x00000000e9d80000)
 ParOldGen       total 115200K, used 29425K [0x0000000081600000, 0x0000000088680000, 0x00000000d5d00000)
  object space 115200K, 25% used [0x0000000081600000,0x00000000832bc578,0x0000000088680000)
 Metaspace       used 55528K, capacity 58848K, committed 59028K, reserved 1099776K
  class space    used 8013K, capacity 8594K, committed 8704K, reserved 1048576K
}
Event: 1830.019 GC heap before
{Heap before GC invocations=15 (full 3):
 PSYoungGen      total 245760K, used 228352K [0x00000000d5d00000, 0x00000000e9d80000, 0x0000000100000000)
  eden space 228352K, 100% used [0x00000000d5d00000,0x00000000e3c00000,0x00000000e3c00000)
  from space 17408K, 0% used [0x00000000e3c00000,0x00000000e3c00000,0x00000000e4d00000)
  to   space 17408K, 0% used [0x00000000e8c80000,0x00000000e8c80000,0x00000000e9d80000)
 ParOldGen       total 115200K, used 29425K [0x0000000081600000, 0x0000000088680000, 0x00000000d5d00000)
  object space 115200K, 25% used [0x0000000081600000,0x00000000832bc578,0x0000000088680000)
 Metaspace       used 62716K, capacity 66522K, committed 66560K, reserved 1105920K
  class space    used 9058K, capacity 9697K, committed 9728K, reserved 1048576K
Event: 1832.674 GC heap after
Heap after GC invocations=15 (full 3):
 PSYoungGen      total 296960K, used 10447K [0x00000000d5d00000, 0x00000000e9700000, 0x0000000100000000)
  eden space 286208K, 0% used [0x00000000d5d00000,0x00000000d5d00000,0x00000000e7480000)
  from space 10752K, 97% used [0x00000000e8c80000,0x00000000e96b3d90,0x00000000e9700000)
  to   space 17408K, 0% used [0x00000000e7500000,0x00000000e7500000,0x00000000e8600000)
 ParOldGen       total 115200K, used 29433K [0x0000000081600000, 0x0000000088680000, 0x00000000d5d00000)
  object space 115200K, 25% used [0x0000000081600000,0x00000000832be578,0x0000000088680000)
 Metaspace       used 62716K, capacity 66522K, committed 66560K, reserved 1105920K
  class space    used 9058K, capacity 9697K, committed 9728K, reserved 1048576K
}

