# JRE version: Java(TM) SE Runtime Environment (8.0_191-b12) (build 1.8.0_191-b12)
# Java VM: Java HotSpot(TM) 64-Bit Server VM (25.191-b12 mixed mode windows-amd64 compressed oops)
Heap:
 PSYoungGen      total 285696K, used 203461K [0x00000000d5d00000, 0x00000000e8c80000, 0x0000000100000000)
  eden space 275968K, 70% used [0x00000000d5d00000,0x00000000e1a7dd10,0x00000000e6a80000)
  from space 9728K, 96% used [0x00000000e8300000,0x00000000e8c33a98,0x00000000e8c80000)
  to   space 16384K, 0% used [0x00000000e6c80000,0x00000000e6c80000,0x00000000e7c80000)
 ParOldGen       total 120832K, used 30380K [0x0000000081600000, 0x0000000088c00000, 0x00000000d5d00000)
  object space 120832K, 25% used [0x0000000081600000,0x00000000833ab100,0x0000000088c00000)
 Metaspace       used 62041K, capacity 65772K, committed 65920K, reserved 1105920K
  class space    used 8946K, capacity 9598K, committed 9600K, reserved 1048576K
GC Heap History (10 events):
Event: 5.768 GC heap before
{Heap before GC invocations=11 (full 2):
 PSYoungGen      total 173056K, used 7636K [0x00000000d5d00000, 0x00000000e5700000, 0x0000000100000000)
  eden space 158720K, 0% used [0x00000000d5d00000,0x00000000d5d00000,0x00000000df800000)
  from space 14336K, 53% used [0x00000000df800000,0x00000000dff75330,0x00000000e0600000)
  to   space 13312K, 0% used [0x00000000e4a00000,0x00000000e4a00000,0x00000000e5700000)
 ParOldGen       total 57856K, used 13427K [0x0000000081600000, 0x0000000084e80000, 0x00000000d5d00000)
  object space 57856K, 23% used [0x0000000081600000,0x000000008231cda8,0x0000000084e80000)
 Metaspace       used 33432K, capacity 35422K, committed 35496K, reserved 1079296K
  class space    used 4671K, capacity 5072K, committed 5120K, reserved 1048576K
Event: 5.874 GC heap after
Heap after GC invocations=11 (full 2):
 PSYoungGen      total 173056K, used 0K [0x00000000d5d00000, 0x00000000e5700000, 0x0000000100000000)
  eden space 158720K, 0% used [0x00000000d5d00000,0x00000000d5d00000,0x00000000df800000)
  from space 14336K, 0% used [0x00000000df800000,0x00000000df800000,0x00000000e0600000)
  to   space 13312K, 0% used [0x00000000e4a00000,0x00000000e4a00000,0x00000000e5700000)
 ParOldGen       total 82432K, used 14631K [0x0000000081600000, 0x0000000086680000, 0x00000000d5d00000)
  object space 82432K, 17% used [0x0000000081600000,0x0000000082449e50,0x0000000086680000)
 Metaspace       used 33432K, capacity 35422K, committed 35496K, reserved 1079296K
  class space    used 4671K, capacity 5072K, committed 5120K, reserved 1048576K
}
Event: 8.163 GC heap before
{Heap before GC invocations=12 (full 2):
 PSYoungGen      total 173056K, used 158720K [0x00000000d5d00000, 0x00000000e5700000, 0x0000000100000000)
  eden space 158720K, 100% used [0x00000000d5d00000,0x00000000df800000,0x00000000df800000)
  from space 14336K, 0% used [0x00000000df800000,0x00000000df800000,0x00000000e0600000)
  to   space 13312K, 0% used [0x00000000e4a00000,0x00000000e4a00000,0x00000000e5700000)
 ParOldGen       total 82432K, used 14631K [0x0000000081600000, 0x0000000086680000, 0x00000000d5d00000)
  object space 82432K, 17% used [0x0000000081600000,0x0000000082449e50,0x0000000086680000)
 Metaspace       used 48285K, capacity 50544K, committed 50944K, reserved 1093632K
  class space    used 6915K, capacity 7353K, committed 7424K, reserved 1048576K
Event: 8.182 GC heap after
Heap after GC invocations=12 (full 2):
 PSYoungGen      total 228352K, used 13307K [0x00000000d5d00000, 0x00000000e5700000, 0x0000000100000000)
  eden space 215040K, 0% used [0x00000000d5d00000,0x00000000d5d00000,0x00000000e2f00000)
  from space 13312K, 99% used [0x00000000e4a00000,0x00000000e56fef90,0x00000000e5700000)
  to   space 16896K, 0% used [0x00000000e3600000,0x00000000e3600000,0x00000000e4680000)
 ParOldGen       total 82432K, used 19515K [0x0000000081600000, 0x0000000086680000, 0x00000000d5d00000)
  object space 82432K, 23% used [0x0000000081600000,0x000000008290efd8,0x0000000086680000)
 Metaspace       used 48285K, capacity 50544K, committed 50944K, reserved 1093632K
  class space    used 6915K, capacity 7353K, committed 7424K, reserved 1048576K
}
Event: 11.005 GC heap before
{Heap before GC invocations=13 (full 2):
 PSYoungGen      total 228352K, used 128698K [0x00000000d5d00000, 0x00000000e5700000, 0x0000000100000000)
  eden space 215040K, 53% used [0x00000000d5d00000,0x00000000dcdaf998,0x00000000e2f00000)
  from space 13312K, 99% used [0x00000000e4a00000,0x00000000e56fef90,0x00000000e5700000)
  to   space 16896K, 0% used [0x00000000e3600000,0x00000000e3600000,0x00000000e4680000)
 ParOldGen       total 82432K, used 19515K [0x0000000081600000, 0x0000000086680000, 0x00000000d5d00000)
  object space 82432K, 23% used [0x0000000081600000,0x000000008290efd8,0x0000000086680000)
 Metaspace       used 55778K, capacity 59060K, committed 59160K, reserved 1099776K
  class space    used 8022K, capacity 8610K, committed 8704K, reserved 1048576K
Event: 11.030 GC heap after
Heap after GC invocations=13 (full 2):
 PSYoungGen      total 239104K, used 11318K [0x00000000d5d00000, 0x00000000e9380000, 0x0000000100000000)
  eden space 222208K, 0% used [0x00000000d5d00000,0x00000000d5d00000,0x00000000e3600000)
  from space 16896K, 66% used [0x00000000e3600000,0x00000000e410d890,0x00000000e4680000)
  to   space 16896K, 0% used [0x00000000e8300000,0x00000000e8300000,0x00000000e9380000)
 ParOldGen       total 82432K, used 25526K [0x0000000081600000, 0x0000000086680000, 0x00000000d5d00000)
  object space 82432K, 30% used [0x0000000081600000,0x0000000082eedb00,0x0000000086680000)
 Metaspace       used 55778K, capacity 59060K, committed 59160K, reserved 1099776K
  class space    used 8022K, capacity 8610K, committed 8704K, reserved 1048576K
}
Event: 11.030 GC heap before
{Heap before GC invocations=14 (full 3):
 PSYoungGen      total 239104K, used 11318K [0x00000000d5d00000, 0x00000000e9380000, 0x0000000100000000)
  eden space 222208K, 0% used [0x00000000d5d00000,0x00000000d5d00000,0x00000000e3600000)
  from space 16896K, 66% used [0x00000000e3600000,0x00000000e410d890,0x00000000e4680000)
  to   space 16896K, 0% used [0x00000000e8300000,0x00000000e8300000,0x00000000e9380000)
 ParOldGen       total 82432K, used 25526K [0x0000000081600000, 0x0000000086680000, 0x00000000d5d00000)
  object space 82432K, 30% used [0x0000000081600000,0x0000000082eedb00,0x0000000086680000)
 Metaspace       used 55778K, capacity 59060K, committed 59160K, reserved 1099776K
  class space    used 8022K, capacity 8610K, committed 8704K, reserved 1048576K
Event: 11.292 GC heap after
Heap after GC invocations=14 (full 3):
 PSYoungGen      total 239104K, used 0K [0x00000000d5d00000, 0x00000000e9380000, 0x0000000100000000)
  eden space 222208K, 0% used [0x00000000d5d00000,0x00000000d5d00000,0x00000000e3600000)
  from space 16896K, 0% used [0x00000000e3600000,0x00000000e3600000,0x00000000e4680000)
  to   space 16896K, 0% used [0x00000000e8300000,0x00000000e8300000,0x00000000e9380000)
 ParOldGen       total 120832K, used 30372K [0x0000000081600000, 0x0000000088c00000, 0x00000000d5d00000)
  object space 120832K, 25% used [0x0000000081600000,0x00000000833a9100,0x0000000088c00000)
 Metaspace       used 55778K, capacity 59060K, committed 59160K, reserved 1099776K
  class space    used 8022K, capacity 8610K, committed 8704K, reserved 1048576K
}
Event: 1960.596 GC heap before
{Heap before GC invocations=15 (full 3):
 PSYoungGen      total 239104K, used 222208K [0x00000000d5d00000, 0x00000000e9380000, 0x0000000100000000)
  eden space 222208K, 100% used [0x00000000d5d00000,0x00000000e3600000,0x00000000e3600000)
  from space 16896K, 0% used [0x00000000e3600000,0x00000000e3600000,0x00000000e4680000)
  to   space 16896K, 0% used [0x00000000e8300000,0x00000000e8300000,0x00000000e9380000)
 ParOldGen       total 120832K, used 30372K [0x0000000081600000, 0x0000000088c00000, 0x00000000d5d00000)
  object space 120832K, 25% used [0x0000000081600000,0x00000000833a9100,0x0000000088c00000)
 Metaspace       used 61983K, capacity 65676K, committed 65920K, reserved 1105920K
  class space    used 8940K, capacity 9566K, committed 9600K, reserved 1048576K
Event: 1962.972 GC heap after
Heap after GC invocations=15 (full 3):
 PSYoungGen      total 285696K, used 9422K [0x00000000d5d00000, 0x00000000e8c80000, 0x0000000100000000)
  eden space 275968K, 0% used [0x00000000d5d00000,0x00000000d5d00000,0x00000000e6a80000)
  from space 9728K, 96% used [0x00000000e8300000,0x00000000e8c33a98,0x00000000e8c80000)
  to   space 16384K, 0% used [0x00000000e6c80000,0x00000000e6c80000,0x00000000e7c80000)
 ParOldGen       total 120832K, used 30380K [0x0000000081600000, 0x0000000088c00000, 0x00000000d5d00000)
  object space 120832K, 25% used [0x0000000081600000,0x00000000833ab100,0x0000000088c00000)
 Metaspace       used 61983K, capacity 65676K, committed 65920K, reserved 1105920K
  class space    used 8940K, capacity 9566K, committed 9600K, reserved 1048576K
}

