# JRE version: Java(TM) SE Runtime Environment (8.0_191-b12) (build 1.8.0_191-b12)
# Java VM: Java HotSpot(TM) 64-Bit Server VM (25.191-b12 mixed mode windows-amd64 compressed oops)
Heap:
 PSYoungGen      total 233984K, used 11464K [0x00000000d5d00000, 0x00000000e5600000, 0x0000000100000000)
  eden space 223232K, 5% used [0x00000000d5d00000,0x00000000d68320b8,0x00000000e3700000)
  from space 10752K, 0% used [0x00000000e4480000,0x00000000e4480000,0x00000000e4f00000)
  to   space 13824K, 0% used [0x00000000e3700000,0x00000000e3700000,0x00000000e4480000)
 ParOldGen       total 47104K, used 16637K [0x0000000081600000, 0x0000000084400000, 0x00000000d5d00000)
  object space 47104K, 35% used [0x0000000081600000,0x000000008263f768,0x0000000084400000)
 Metaspace       used 43984K, capacity 46098K, committed 46592K, reserved 1095680K
  class space    used 6203K, capacity 6581K, committed 6656K, reserved 1048576K
GC Heap History (10 events):
Event: 9.744 GC heap before
{Heap before GC invocations=25 (full 9):
 PSYoungGen      total 233984K, used 0K [0x00000000d5d00000, 0x00000000e5600000, 0x0000000100000000)
  eden space 223232K, 0% used [0x00000000d5d00000,0x00000000d5d00000,0x00000000e3700000)
  from space 10752K, 0% used [0x00000000e4480000,0x00000000e4480000,0x00000000e4f00000)
  to   space 13824K, 0% used [0x00000000e3700000,0x00000000e3700000,0x00000000e4480000)
 ParOldGen       total 47104K, used 16647K [0x0000000081600000, 0x0000000084400000, 0x00000000d5d00000)
  object space 47104K, 35% used [0x0000000081600000,0x0000000082641c60,0x0000000084400000)
 Metaspace       used 43960K, capacity 45994K, committed 46592K, reserved 1095680K
  class space    used 6197K, capacity 6571K, committed 6656K, reserved 1048576K
Event: 9.886 GC heap after
Heap after GC invocations=25 (full 9):
 PSYoungGen      total 233984K, used 0K [0x00000000d5d00000, 0x00000000e5600000, 0x0000000100000000)
  eden space 223232K, 0% used [0x00000000d5d00000,0x00000000d5d00000,0x00000000e3700000)
  from space 10752K, 0% used [0x00000000e4480000,0x00000000e4480000,0x00000000e4f00000)
  to   space 13824K, 0% used [0x00000000e3700000,0x00000000e3700000,0x00000000e4480000)
 ParOldGen       total 47104K, used 16631K [0x0000000081600000, 0x0000000084400000, 0x00000000d5d00000)
  object space 47104K, 35% used [0x0000000081600000,0x000000008263df28,0x0000000084400000)
 Metaspace       used 43960K, capacity 45994K, committed 46592K, reserved 1095680K
  class space    used 6197K, capacity 6571K, committed 6656K, reserved 1048576K
}
Event: 9.902 GC heap before
{Heap before GC invocations=26 (full 9):
 PSYoungGen      total 233984K, used 43034K [0x00000000d5d00000, 0x00000000e5600000, 0x0000000100000000)
  eden space 223232K, 19% used [0x00000000d5d00000,0x00000000d87068a0,0x00000000e3700000)
  from space 10752K, 0% used [0x00000000e4480000,0x00000000e4480000,0x00000000e4f00000)
  to   space 13824K, 0% used [0x00000000e3700000,0x00000000e3700000,0x00000000e4480000)
 ParOldGen       total 47104K, used 16631K [0x0000000081600000, 0x0000000084400000, 0x00000000d5d00000)
  object space 47104K, 35% used [0x0000000081600000,0x000000008263df28,0x0000000084400000)
 Metaspace       used 43970K, capacity 46006K, committed 46592K, reserved 1095680K
  class space    used 6198K, capacity 6573K, committed 6656K, reserved 1048576K
Event: 9.905 GC heap after
Heap after GC invocations=26 (full 9):
 PSYoungGen      total 237056K, used 327K [0x00000000d5d00000, 0x00000000e5600000, 0x0000000100000000)
  eden space 223232K, 0% used [0x00000000d5d00000,0x00000000d5d00000,0x00000000e3700000)
  from space 13824K, 2% used [0x00000000e3700000,0x00000000e3751e18,0x00000000e4480000)
  to   space 10752K, 0% used [0x00000000e4480000,0x00000000e4480000,0x00000000e4f00000)
 ParOldGen       total 47104K, used 16639K [0x0000000081600000, 0x0000000084400000, 0x00000000d5d00000)
  object space 47104K, 35% used [0x0000000081600000,0x000000008263ff28,0x0000000084400000)
 Metaspace       used 43970K, capacity 46006K, committed 46592K, reserved 1095680K
  class space    used 6198K, capacity 6573K, committed 6656K, reserved 1048576K
}
Event: 9.905 GC heap before
{Heap before GC invocations=27 (full 10):
 PSYoungGen      total 237056K, used 327K [0x00000000d5d00000, 0x00000000e5600000, 0x0000000100000000)
  eden space 223232K, 0% used [0x00000000d5d00000,0x00000000d5d00000,0x00000000e3700000)
  from space 13824K, 2% used [0x00000000e3700000,0x00000000e3751e18,0x00000000e4480000)
  to   space 10752K, 0% used [0x00000000e4480000,0x00000000e4480000,0x00000000e4f00000)
 ParOldGen       total 47104K, used 16639K [0x0000000081600000, 0x0000000084400000, 0x00000000d5d00000)
  object space 47104K, 35% used [0x0000000081600000,0x000000008263ff28,0x0000000084400000)
 Metaspace       used 43970K, capacity 46006K, committed 46592K, reserved 1095680K
  class space    used 6198K, capacity 6573K, committed 6656K, reserved 1048576K
Event: 9.977 GC heap after
Heap after GC invocations=27 (full 10):
 PSYoungGen      total 237056K, used 0K [0x00000000d5d00000, 0x00000000e5600000, 0x0000000100000000)
  eden space 223232K, 0% used [0x00000000d5d00000,0x00000000d5d00000,0x00000000e3700000)
  from space 13824K, 0% used [0x00000000e3700000,0x00000000e3700000,0x00000000e4480000)
  to   space 10752K, 0% used [0x00000000e4480000,0x00000000e4480000,0x00000000e4f00000)
 ParOldGen       total 47104K, used 16840K [0x0000000081600000, 0x0000000084400000, 0x00000000d5d00000)
  object space 47104K, 35% used [0x0000000081600000,0x0000000082672338,0x0000000084400000)
 Metaspace       used 43970K, capacity 46006K, committed 46592K, reserved 1095680K
  class space    used 6198K, capacity 6573K, committed 6656K, reserved 1048576K
}
Event: 9.977 GC heap before
{Heap before GC invocations=28 (full 10):
 PSYoungGen      total 237056K, used 0K [0x00000000d5d00000, 0x00000000e5600000, 0x0000000100000000)
  eden space 223232K, 0% used [0x00000000d5d00000,0x00000000d5d00000,0x00000000e3700000)
  from space 13824K, 0% used [0x00000000e3700000,0x00000000e3700000,0x00000000e4480000)
  to   space 10752K, 0% used [0x00000000e4480000,0x00000000e4480000,0x00000000e4f00000)
 ParOldGen       total 47104K, used 16840K [0x0000000081600000, 0x0000000084400000, 0x00000000d5d00000)
  object space 47104K, 35% used [0x0000000081600000,0x0000000082672338,0x0000000084400000)
 Metaspace       used 43970K, capacity 46006K, committed 46592K, reserved 1095680K
  class space    used 6198K, capacity 6573K, committed 6656K, reserved 1048576K
Event: 9.979 GC heap after
Heap after GC invocations=28 (full 10):
 PSYoungGen      total 233984K, used 0K [0x00000000d5d00000, 0x00000000e5600000, 0x0000000100000000)
  eden space 223232K, 0% used [0x00000000d5d00000,0x00000000d5d00000,0x00000000e3700000)
  from space 10752K, 0% used [0x00000000e4480000,0x00000000e4480000,0x00000000e4f00000)
  to   space 13824K, 0% used [0x00000000e3700000,0x00000000e3700000,0x00000000e4480000)
 ParOldGen       total 47104K, used 16840K [0x0000000081600000, 0x0000000084400000, 0x00000000d5d00000)
  object space 47104K, 35% used [0x0000000081600000,0x0000000082672338,0x0000000084400000)
 Metaspace       used 43970K, capacity 46006K, committed 46592K, reserved 1095680K
  class space    used 6198K, capacity 6573K, committed 6656K, reserved 1048576K
}
Event: 9.979 GC heap before
{Heap before GC invocations=29 (full 11):
 PSYoungGen      total 233984K, used 0K [0x00000000d5d00000, 0x00000000e5600000, 0x0000000100000000)
  eden space 223232K, 0% used [0x00000000d5d00000,0x00000000d5d00000,0x00000000e3700000)
  from space 10752K, 0% used [0x00000000e4480000,0x00000000e4480000,0x00000000e4f00000)
  to   space 13824K, 0% used [0x00000000e3700000,0x00000000e3700000,0x00000000e4480000)
 ParOldGen       total 47104K, used 16840K [0x0000000081600000, 0x0000000084400000, 0x00000000d5d00000)
  object space 47104K, 35% used [0x0000000081600000,0x0000000082672338,0x0000000084400000)
 Metaspace       used 43970K, capacity 46006K, committed 46592K, reserved 1095680K
  class space    used 6198K, capacity 6573K, committed 6656K, reserved 1048576K
Event: 10.139 GC heap after
Heap after GC invocations=29 (full 11):
 PSYoungGen      total 233984K, used 0K [0x00000000d5d00000, 0x00000000e5600000, 0x0000000100000000)
  eden space 223232K, 0% used [0x00000000d5d00000,0x00000000d5d00000,0x00000000e3700000)
  from space 10752K, 0% used [0x00000000e4480000,0x00000000e4480000,0x00000000e4f00000)
  to   space 13824K, 0% used [0x00000000e3700000,0x00000000e3700000,0x00000000e4480000)
 ParOldGen       total 47104K, used 16637K [0x0000000081600000, 0x0000000084400000, 0x00000000d5d00000)
  object space 47104K, 35% used [0x0000000081600000,0x000000008263f768,0x0000000084400000)
 Metaspace       used 43962K, capacity 45994K, committed 46592K, reserved 1095680K
  class space    used 6197K, capacity 6571K, committed 6656K, reserved 1048576K
}

